IdentifyTenant START - Path: /login
IdentifyTenant: Ruta exacta excluida
ValidateSubscription: Ruta excluida: login
IdentifyTenant START - Path: /.well-known/appspecific/com.chrome.devtools.json
IdentifyTenant: Procesando normalmente
ValidateSubscription: Usuario no autenticado
IdentifyTenant START - Path: /auth/google/callback
IdentifyTenant: Ruta exacta excluida
ValidateSubscription: Ruta excluida: auth/google/callback
2026-02-05 12:25:10 - CALLBACK INICIADO
Query params: []
Intentando obtener usuario de Socialite
InvalidStateException: 
IdentifyTenant START - Path: /login
IdentifyTenant: Ruta exacta excluida
ValidateSubscription: Ruta excluida: login
IdentifyTenant START - Path: /.well-known/appspecific/com.chrome.devtools.json
IdentifyTenant: Procesando normalmente
ValidateSubscription: Usuario no autenticado
IdentifyTenant START - Path: /auth/google
IdentifyTenant: Ruta exacta excluida
ValidateSubscription: Ruta excluida: auth/google
IdentifyTenant START - Path: /auth/google/callback
IdentifyTenant: Ruta exacta excluida
ValidateSubscription: Ruta excluida: auth/google/callback
2026-02-05 12:25:25 - CALLBACK INICIADO
Query params: {"state":"EmYvhuwvare3pSJ25oPXyWkhGIKkLxybP9Yhlo8k","code":"4\/0ASc3gC1KjeYH9Q4ExRwa9-4542ng7cSUX3rO2xMCGGXgizw6LXAc2cV9OPBuRLzAI-EbrQ","scope":"email profile https:\/\/www.googleapis.com\/auth\/userinfo.profile https:\/\/www.googleapis.com\/auth\/userinfo.email openid","authuser":"0","prompt":"consent"}
Intentando obtener usuario de Socialite
Exception: cURL error 60: SSL certificate problem: unable to get local issuer certificate (see https://curl.haxx.se/libcurl/c/libcurl-errors.html) for https://www.googleapis.com/oauth2/v4/token
IdentifyTenant START - Path: /login
IdentifyTenant: Ruta exacta excluida
ValidateSubscription: Ruta excluida: login
IdentifyTenant START - Path: /.well-known/appspecific/com.chrome.devtools.json
IdentifyTenant: Procesando normalmente
ValidateSubscription: Usuario no autenticado
IdentifyTenant START - Path: /login
IdentifyTenant: Ruta exacta excluida
ValidateSubscription: Ruta excluida: login
IdentifyTenant START - Path: /.well-known/appspecific/com.chrome.devtools.json
IdentifyTenant: Procesando normalmente
ValidateSubscription: Usuario no autenticado
IdentifyTenant START - Path: /auth/google
IdentifyTenant: Ruta exacta excluida
ValidateSubscription: Ruta excluida: auth/google
IdentifyTenant START - Path: /auth/google/callback
IdentifyTenant: Ruta exacta excluida
ValidateSubscription: Ruta excluida: auth/google/callback
IdentifyTenant START - Path: /admin/dashboard
IdentifyTenant: Procesando normalmente
ValidateSubscription: Usuario no autenticado
IdentifyTenant START - Path: /.well-known/appspecific/com.chrome.devtools.json
IdentifyTenant: Procesando normalmente
ValidateSubscription: Usuario no autenticado
IdentifyTenant START - Path: /admin/domains
IdentifyTenant: Procesando normalmente
ValidateSubscription: Usuario no autenticado
IdentifyTenant START - Path: /.well-known/appspecific/com.chrome.devtools.json
IdentifyTenant: Procesando normalmente
ValidateSubscription: Usuario no autenticado
IdentifyTenant START - Path: /admin/agencia
IdentifyTenant: Procesando normalmente
ValidateSubscription: Usuario no autenticado
IdentifyTenant START - Path: /.well-known/appspecific/com.chrome.devtools.json
IdentifyTenant: Procesando normalmente
ValidateSubscription: Usuario no autenticado
IdentifyTenant START - Path: /logout
IdentifyTenant: Ruta exacta excluida
ValidateSubscription: Ruta excluida: logout
IdentifyTenant START - Path: /login
IdentifyTenant: Ruta exacta excluida
ValidateSubscription: Ruta excluida: login
IdentifyTenant START - Path: /.well-known/appspecific/com.chrome.devtools.json
IdentifyTenant: Procesando normalmente
ValidateSubscription: Usuario no autenticado
IdentifyTenant START - Path: /login
IdentifyTenant: Ruta exacta excluida
ValidateSubscription: Ruta excluida: login
IdentifyTenant START - Path: /.well-known/appspecific/com.chrome.devtools.json
IdentifyTenant: Procesando normalmente
ValidateSubscription: Usuario no autenticado
IdentifyTenant START - Path: /auth/google
IdentifyTenant: Ruta exacta excluida
ValidateSubscription: Ruta excluida: auth/google
IdentifyTenant START - Path: /auth/google/callback
IdentifyTenant: Ruta exacta excluida
ValidateSubscription: Ruta excluida: auth/google/callback
IdentifyTenant START - Path: /admin/dashboard
IdentifyTenant: Procesando normalmente
ValidateSubscription: Usuario no autenticado
IdentifyTenant START - Path: /.well-known/appspecific/com.chrome.devtools.json
IdentifyTenant: Procesando normalmente
ValidateSubscription: Usuario no autenticado
IdentifyTenant START - Path: /admin/dashboard
IdentifyTenant: Procesando normalmente
ValidateSubscription: Usuario no autenticado
IdentifyTenant START - Path: /admin/dashboard
IdentifyTenant: Procesando normalmente
ValidateSubscription: Usuario no autenticado
IdentifyTenant START - Path: /admin/dashboard
IdentifyTenant: Procesando normalmente
ValidateSubscription: Usuario no autenticado
IdentifyTenant START - Path: /admin/dashboard
IdentifyTenant: Procesando normalmente
ValidateSubscription: Usuario no autenticado
IdentifyTenant START - Path: /.well-known/appspecific/com.chrome.devtools.json
IdentifyTenant: Procesando normalmente
ValidateSubscription: Usuario no autenticado
IdentifyTenant START - Path: /admin/dashboard
IdentifyTenant: Procesando normalmente
ValidateSubscription: Usuario no autenticado
IdentifyTenant START - Path: /admin/dashboard
IdentifyTenant: Procesando normalmente
ValidateSubscription: Usuario no autenticado
IdentifyTenant START - Path: /admin/api/check-domain
IdentifyTenant: Procesando normalmente
ValidateSubscription: Usuario no autenticado
IdentifyTenant START - Path: /admin/dashboard
IdentifyTenant: Procesando normalmente
ValidateSubscription: Usuario no autenticado
IdentifyTenant START - Path: /admin/api/check-domain
IdentifyTenant: Procesando normalmente
ValidateSubscription: Usuario no autenticado
IdentifyTenant START - Path: /admin/dashboard
IdentifyTenant: Procesando normalmente
ValidateSubscription: Usuario no autenticado
IdentifyTenant START - Path: /admin/api/check-domain
IdentifyTenant: Procesando normalmente
ValidateSubscription: Usuario no autenticado
IdentifyTenant START - Path: /admin/dashboard
IdentifyTenant: Procesando normalmente
ValidateSubscription: Usuario no autenticado
IdentifyTenant START - Path: /admin/api/check-domain
IdentifyTenant: Procesando normalmente
ValidateSubscription: Usuario no autenticado
IdentifyTenant START - Path: /admin/dashboard
IdentifyTenant: Procesando normalmente
ValidateSubscription: Usuario no autenticado
IdentifyTenant START - Path: /admin/api/check-domain
IdentifyTenant: Procesando normalmente
ValidateSubscription: Usuario no autenticado
IdentifyTenant START - Path: /admin/dashboard
IdentifyTenant: Procesando normalmente
ValidateSubscription: Usuario no autenticado
IdentifyTenant START - Path: /admin/api/check-domain
IdentifyTenant: Procesando normalmente
ValidateSubscription: Usuario no autenticado
IdentifyTenant START - Path: /admin/api/check-domain
IdentifyTenant: Procesando normalmente
ValidateSubscription: Usuario no autenticado
IdentifyTenant START - Path: /admin/api/check-domain
IdentifyTenant: Procesando normalmente
ValidateSubscription: Usuario no autenticado
IdentifyTenant START - Path: /admin/api/check-domain
IdentifyTenant: Procesando normalmente
ValidateSubscription: Usuario no autenticado
IdentifyTenant START - Path: /admin/dashboard
IdentifyTenant: Procesando normalmente
ValidateSubscription: Usuario no autenticado
IdentifyTenant START - Path: /admin/api/check-domain
IdentifyTenant: Procesando normalmente
ValidateSubscription: Usuario no autenticado
IdentifyTenant START - Path: /admin/api/check-domain
IdentifyTenant: Procesando normalmente
ValidateSubscription: Usuario no autenticado
IdentifyTenant START - Path: /admin/api/check-domain
IdentifyTenant: Procesando normalmente
ValidateSubscription: Usuario no autenticado
IdentifyTenant START - Path: /admin/onboarding
IdentifyTenant: Procesando normalmente
ValidateSubscription: Usuario no autenticado
IdentifyTenant START - Path: /admin/dashboard
IdentifyTenant: Procesando normalmente
ValidateSubscription: Usuario no autenticado
IdentifyTenant START - Path: /admin/api/check-domain
IdentifyTenant: Procesando normalmente
ValidateSubscription: Usuario no autenticado
IdentifyTenant START - Path: /admin/dashboard
IdentifyTenant: Procesando normalmente
ValidateSubscription: Usuario no autenticado
IdentifyTenant START - Path: /admin/api/check-domain
IdentifyTenant: Procesando normalmente
ValidateSubscription: Usuario no autenticado
IdentifyTenant START - Path: /login
IdentifyTenant: Ruta exacta excluida
ValidateSubscription: Ruta excluida: login
IdentifyTenant START - Path: /admin/dashboard
IdentifyTenant: Procesando normalmente
ValidateSubscription: Usuario no autenticado
IdentifyTenant START - Path: /admin/api/check-domain
IdentifyTenant: Procesando normalmente
ValidateSubscription: Usuario no autenticado
IdentifyTenant START - Path: /.well-known/appspecific/com.chrome.devtools.json
IdentifyTenant: Procesando normalmente
ValidateSubscription: Usuario no autenticado
IdentifyTenant START - Path: /admin/dashboard
IdentifyTenant: Procesando normalmente
ValidateSubscription: Usuario no autenticado
IdentifyTenant START - Path: /.well-known/appspecific/com.chrome.devtools.json
IdentifyTenant: Procesando normalmente
ValidateSubscription: Usuario no autenticado
IdentifyTenant START - Path: /admin/api/check-domain
IdentifyTenant: Procesando normalmente
ValidateSubscription: Usuario no autenticado
IdentifyTenant START - Path: /favicon.ico
IdentifyTenant: Procesando normalmente
ValidateSubscription: Usuario no autenticado
IdentifyTenant START - Path: /admin/dashboard
IdentifyTenant: Procesando normalmente
ValidateSubscription: Usuario no autenticado
IdentifyTenant START - Path: /.well-known/appspecific/com.chrome.devtools.json
IdentifyTenant: Procesando normalmente
ValidateSubscription: Usuario no autenticado
IdentifyTenant START - Path: /admin/api/check-domain
IdentifyTenant: Procesando normalmente
ValidateSubscription: Usuario no autenticado
IdentifyTenant START - Path: /logout
IdentifyTenant: Ruta exacta excluida
ValidateSubscription: Ruta excluida: logout
IdentifyTenant START - Path: /login
IdentifyTenant: Ruta exacta excluida
ValidateSubscription: Ruta excluida: login
IdentifyTenant START - Path: /.well-known/appspecific/com.chrome.devtools.json
IdentifyTenant: Procesando normalmente
ValidateSubscription: Usuario no autenticado
IdentifyTenant START - Path: /auth/google
IdentifyTenant: Ruta exacta excluida
ValidateSubscription: Ruta excluida: auth/google
IdentifyTenant START - Path: /auth/google/callback
IdentifyTenant: Ruta exacta excluida
ValidateSubscription: Ruta excluida: auth/google/callback
IdentifyTenant START - Path: /admin/dashboard
IdentifyTenant: Procesando normalmente
ValidateSubscription: Usuario no autenticado
IdentifyTenant START - Path: /admin/api/check-domain
IdentifyTenant: Procesando normalmente
ValidateSubscription: Usuario no autenticado
IdentifyTenant START - Path: /admin/api/check-domain
IdentifyTenant: Procesando normalmente
ValidateSubscription: Usuario no autenticado
IdentifyTenant START - Path: /admin/api/check-domain
IdentifyTenant: Procesando normalmente
ValidateSubscription: Usuario no autenticado
IdentifyTenant START - Path: /admin/onboarding
IdentifyTenant: Procesando normalmente
ValidateSubscription: Usuario no autenticado
IdentifyTenant START - Path: /admin/dashboard
IdentifyTenant: Procesando normalmente
ValidateSubscription: Usuario no autenticado
IdentifyTenant START - Path: /admin/api/check-domain
IdentifyTenant: Procesando normalmente
ValidateSubscription: Usuario no autenticado
IdentifyTenant START - Path: /admin/onboarding
IdentifyTenant: Procesando normalmente
ValidateSubscription: Usuario no autenticado
IdentifyTenant START - Path: /admin/dashboard
IdentifyTenant: Procesando normalmente
ValidateSubscription: Usuario no autenticado
IdentifyTenant START - Path: /admin/api/check-domain
IdentifyTenant: Procesando normalmente
ValidateSubscription: Usuario no autenticado
IdentifyTenant START - Path: /logout
IdentifyTenant: Ruta exacta excluida
ValidateSubscription: Ruta excluida: logout
IdentifyTenant START - Path: /login
IdentifyTenant: Ruta exacta excluida
ValidateSubscription: Ruta excluida: login
IdentifyTenant START - Path: /login
IdentifyTenant: Ruta exacta excluida
ValidateSubscription: Ruta excluida: login
IdentifyTenant START - Path: /auth/google
IdentifyTenant: Ruta exacta excluida
ValidateSubscription: Ruta excluida: auth/google
IdentifyTenant START - Path: /auth/google/callback
IdentifyTenant: Ruta exacta excluida
ValidateSubscription: Ruta excluida: auth/google/callback
IdentifyTenant START - Path: /admin/dashboard
IdentifyTenant: Procesando normalmente
ValidateSubscription: Usuario no autenticado
IdentifyTenant START - Path: /admin/api/check-domain
IdentifyTenant: Procesando normalmente
ValidateSubscription: Usuario no autenticado
IdentifyTenant START - Path: /admin/api/check-domain
IdentifyTenant: Procesando normalmente
ValidateSubscription: Usuario no autenticado
IdentifyTenant START - Path: /admin/api/check-domain
IdentifyTenant: Procesando normalmente
ValidateSubscription: Usuario no autenticado
IdentifyTenant START - Path: /admin/onboarding
IdentifyTenant: Procesando normalmente
ValidateSubscription: Usuario no autenticado
IdentifyTenant START - Path: /admin/dashboard
IdentifyTenant: Procesando normalmente
ValidateSubscription: Usuario no autenticado
IdentifyTenant START - Path: /admin/api/check-domain
IdentifyTenant: Procesando normalmente
ValidateSubscription: Usuario no autenticado
IdentifyTenant START - Path: /logout
IdentifyTenant: Ruta exacta excluida
ValidateSubscription: Ruta excluida: logout
IdentifyTenant START - Path: /login
IdentifyTenant: Ruta exacta excluida
ValidateSubscription: Ruta excluida: login
IdentifyTenant START - Path: /auth/google
IdentifyTenant: Ruta exacta excluida
ValidateSubscription: Ruta excluida: auth/google
IdentifyTenant START - Path: /auth/google/callback
IdentifyTenant: Ruta exacta excluida
ValidateSubscription: Ruta excluida: auth/google/callback
IdentifyTenant START - Path: /admin/dashboard
IdentifyTenant: Procesando normalmente
ValidateSubscription: Usuario no autenticado
IdentifyTenant START - Path: /admin/api/check-domain
IdentifyTenant: Procesando normalmente
ValidateSubscription: Usuario no autenticado
IdentifyTenant START - Path: /admin/api/check-domain
IdentifyTenant: Procesando normalmente
ValidateSubscription: Usuario no autenticado
IdentifyTenant START - Path: /admin/api/check-domain
IdentifyTenant: Procesando normalmente
ValidateSubscription: Usuario no autenticado
IdentifyTenant START - Path: /admin/onboarding
IdentifyTenant: Procesando normalmente
ValidateSubscription: Usuario no autenticado
IdentifyTenant START - Path: /admin/dashboard
IdentifyTenant: Procesando normalmente
ValidateSubscription: Usuario no autenticado
IdentifyTenant START - Path: /admin/api/check-domain
IdentifyTenant: Procesando normalmente
ValidateSubscription: Usuario no autenticado
IdentifyTenant START - Path: /logout
IdentifyTenant: Ruta exacta excluida
ValidateSubscription: Ruta excluida: logout
IdentifyTenant START - Path: /login
IdentifyTenant: Ruta exacta excluida
ValidateSubscription: Ruta excluida: login
IdentifyTenant START - Path: /auth/google
IdentifyTenant: Ruta exacta excluida
ValidateSubscription: Ruta excluida: auth/google
IdentifyTenant START - Path: /auth/google/callback
IdentifyTenant: Ruta exacta excluida
ValidateSubscription: Ruta excluida: auth/google/callback
IdentifyTenant START - Path: /admin/dashboard
IdentifyTenant: Procesando normalmente
ValidateSubscription: Usuario no autenticado
IdentifyTenant START - Path: /admin/api/check-domain
IdentifyTenant: Procesando normalmente
ValidateSubscription: Usuario no autenticado
IdentifyTenant START - Path: /admin/api/check-domain
IdentifyTenant: Procesando normalmente
ValidateSubscription: Usuario no autenticado
IdentifyTenant START - Path: /admin/api/check-domain
IdentifyTenant: Procesando normalmente
ValidateSubscription: Usuario no autenticado
IdentifyTenant START - Path: /admin/onboarding
IdentifyTenant: Procesando normalmente
ValidateSubscription: Usuario no autenticado
IdentifyTenant START - Path: /admin/dashboard
IdentifyTenant: Procesando normalmente
ValidateSubscription: Usuario no autenticado
IdentifyTenant START - Path: /admin/api/check-domain
IdentifyTenant: Procesando normalmente
ValidateSubscription: Usuario no autenticado
IdentifyTenant START - Path: /.well-known/appspecific/com.chrome.devtools.json
IdentifyTenant: Procesando normalmente
ValidateSubscription: Usuario no autenticado
IdentifyTenant START - Path: /logout
IdentifyTenant: Ruta exacta excluida
ValidateSubscription: Ruta excluida: logout
IdentifyTenant START - Path: /login
IdentifyTenant: Ruta exacta excluida
ValidateSubscription: Ruta excluida: login
IdentifyTenant START - Path: /.well-known/appspecific/com.chrome.devtools.json
IdentifyTenant: Procesando normalmente
ValidateSubscription: Usuario no autenticado
IdentifyTenant START - Path: /auth/google
IdentifyTenant: Ruta exacta excluida
ValidateSubscription: Ruta excluida: auth/google
IdentifyTenant START - Path: /auth/google/callback
IdentifyTenant: Ruta exacta excluida
ValidateSubscription: Ruta excluida: auth/google/callback
IdentifyTenant START - Path: /admin/dashboard
IdentifyTenant: Procesando normalmente
ValidateSubscription: Usuario no autenticado
IdentifyTenant START - Path: /.well-known/appspecific/com.chrome.devtools.json
IdentifyTenant: Procesando normalmente
ValidateSubscription: Usuario no autenticado
IdentifyTenant START - Path: /admin/api/check-domain
IdentifyTenant: Procesando normalmente
ValidateSubscription: Usuario no autenticado
IdentifyTenant START - Path: /admin/api/check-domain
IdentifyTenant: Procesando normalmente
ValidateSubscription: Usuario no autenticado
IdentifyTenant START - Path: /admin/onboarding
IdentifyTenant: Procesando normalmente
ValidateSubscription: Usuario no autenticado
IdentifyTenant START - Path: /admin/dashboard
IdentifyTenant: Procesando normalmente
ValidateSubscription: Usuario no autenticado
IdentifyTenant START - Path: /.well-known/appspecific/com.chrome.devtools.json
IdentifyTenant: Procesando normalmente
ValidateSubscription: Usuario no autenticado
IdentifyTenant START - Path: /admin/api/check-domain
IdentifyTenant: Procesando normalmente
ValidateSubscription: Usuario no autenticado
IdentifyTenant START - Path: /logout
IdentifyTenant: Ruta exacta excluida
ValidateSubscription: Ruta excluida: logout
IdentifyTenant START - Path: /login
IdentifyTenant: Ruta exacta excluida
ValidateSubscription: Ruta excluida: login
IdentifyTenant START - Path: /.well-known/appspecific/com.chrome.devtools.json
IdentifyTenant: Procesando normalmente
ValidateSubscription: Usuario no autenticado
IdentifyTenant START - Path: /auth/google
IdentifyTenant: Ruta exacta excluida
ValidateSubscription: Ruta excluida: auth/google
IdentifyTenant START - Path: /auth/google/callback
IdentifyTenant: Ruta exacta excluida
ValidateSubscription: Ruta excluida: auth/google/callback
IdentifyTenant START - Path: /admin/dashboard
IdentifyTenant: Procesando normalmente
ValidateSubscription: Usuario no autenticado
IdentifyTenant START - Path: /.well-known/appspecific/com.chrome.devtools.json
IdentifyTenant: Procesando normalmente
ValidateSubscription: Usuario no autenticado
IdentifyTenant START - Path: /admin/api/check-domain
IdentifyTenant: Procesando normalmente
ValidateSubscription: Usuario no autenticado
IdentifyTenant START - Path: /admin/api/check-domain
IdentifyTenant: Procesando normalmente
ValidateSubscription: Usuario no autenticado
IdentifyTenant START - Path: /admin/onboarding
IdentifyTenant: Procesando normalmente
ValidateSubscription: Usuario no autenticado
IdentifyTenant START - Path: /admin/dashboard
IdentifyTenant: Procesando normalmente
ValidateSubscription: Usuario no autenticado
IdentifyTenant START - Path: /.well-known/appspecific/com.chrome.devtools.json
IdentifyTenant: Procesando normalmente
ValidateSubscription: Usuario no autenticado
IdentifyTenant START - Path: /admin/api/check-domain
IdentifyTenant: Procesando normalmente
ValidateSubscription: Usuario no autenticado
IdentifyTenant START - Path: /admin/dashboard
IdentifyTenant: Procesando normalmente
ValidateSubscription: Usuario no autenticado
IdentifyTenant START - Path: /.well-known/appspecific/com.chrome.devtools.json
IdentifyTenant: Procesando normalmente
ValidateSubscription: Usuario no autenticado
IdentifyTenant START - Path: /admin/api/check-domain
IdentifyTenant: Procesando normalmente
ValidateSubscription: Usuario no autenticado
IdentifyTenant START - Path: /admin/api/check-domain
IdentifyTenant: Procesando normalmente
ValidateSubscription: Usuario no autenticado
IdentifyTenant START - Path: /admin/onboarding
IdentifyTenant: Procesando normalmente
ValidateSubscription: Usuario no autenticado
IdentifyTenant START - Path: /admin/dashboard
IdentifyTenant: Procesando normalmente
ValidateSubscription: Usuario no autenticado
IdentifyTenant START - Path: /.well-known/appspecific/com.chrome.devtools.json
IdentifyTenant: Procesando normalmente
ValidateSubscription: Usuario no autenticado
IdentifyTenant START - Path: /logout
IdentifyTenant: Ruta exacta excluida
ValidateSubscription: Ruta excluida: logout
IdentifyTenant START - Path: /login
IdentifyTenant: Ruta exacta excluida
ValidateSubscription: Ruta excluida: login
IdentifyTenant START - Path: /
IdentifyTenant: Procesando normalmente
ValidateSubscription: Usuario no autenticado
IdentifyTenant START - Path: /favicon.ico
IdentifyTenant: Procesando normalmente
ValidateSubscription: Usuario no autenticado
IdentifyTenant START - Path: /login
IdentifyTenant: Ruta exacta excluida
ValidateSubscription: Ruta excluida: login
IdentifyTenant START - Path: /admin/agencia
IdentifyTenant: Procesando normalmente
ValidateSubscription: Usuario no autenticado
IdentifyTenant START - Path: /login
IdentifyTenant: Ruta exacta excluida
ValidateSubscription: Ruta excluida: login
IdentifyTenant START - Path: /.well-known/appspecific/com.chrome.devtools.json
IdentifyTenant: Procesando normalmente
ValidateSubscription: Usuario no autenticado
IdentifyTenant START - Path: /login
IdentifyTenant: Ruta exacta excluida
ValidateSubscription: Ruta excluida: login
IdentifyTenant START - Path: /auth/google
IdentifyTenant: Ruta exacta excluida
ValidateSubscription: Ruta excluida: auth/google
IdentifyTenant START - Path: /auth/google/callback
IdentifyTenant: Ruta exacta excluida
ValidateSubscription: Ruta excluida: auth/google/callback
IdentifyTenant START - Path: /admin/dashboard
IdentifyTenant: Procesando normalmente
ValidateSubscription: Usuario no autenticado
IdentifyTenant START - Path: /admin/dashboard
IdentifyTenant: Procesando normalmente
ValidateSubscription: Usuario no autenticado
IdentifyTenant START - Path: /auth/google
IdentifyTenant: Ruta exacta excluida
ValidateSubscription: Ruta excluida: auth/google
IdentifyTenant START - Path: /auth/google/callback
IdentifyTenant: Ruta exacta excluida
ValidateSubscription: Ruta excluida: auth/google/callback
IdentifyTenant START - Path: /admin/dashboard
IdentifyTenant: Procesando normalmente
ValidateSubscription: Usuario no autenticado
IdentifyTenant START - Path: /admin/dashboard
IdentifyTenant: Procesando normalmente
ValidateSubscription: Usuario no autenticado
IdentifyTenant START - Path: /admin/domains
IdentifyTenant: Procesando normalmente
ValidateSubscription: Usuario no autenticado
IdentifyTenant START - Path: /subscriptions
IdentifyTenant: Ruta exacta excluida
ValidateSubscription: Usuario no autenticado
IdentifyTenant START - Path: /admin/dashboard
IdentifyTenant: Procesando normalmente
ValidateSubscription: Usuario no autenticado
IdentifyTenant START - Path: /admin/vehicles
IdentifyTenant: Procesando normalmente
ValidateSubscription: Usuario no autenticado
IdentifyTenant START - Path: /admin/calendar
IdentifyTenant: Procesando normalmente
ValidateSubscription: Usuario no autenticado
IdentifyTenant START - Path: /admin/agencia
IdentifyTenant: Procesando normalmente
ValidateSubscription: Usuario no autenticado
IdentifyTenant START - Path: /admin/landing-templates
IdentifyTenant: Procesando normalmente
ValidateSubscription: Usuario no autenticado
IdentifyTenant START - Path: /admin/landing-templates
IdentifyTenant: Procesando normalmente
ValidateSubscription: Usuario no autenticado
IdentifyTenant START - Path: /admin/domains
IdentifyTenant: Procesando normalmente
ValidateSubscription: Usuario no autenticado
IdentifyTenant START - Path: /admin/domains/7
IdentifyTenant: Procesando normalmente
ValidateSubscription: Usuario no autenticado
IdentifyTenant START - Path: /admin/domains
IdentifyTenant: Procesando normalmente
ValidateSubscription: Usuario no autenticado
IdentifyTenant START - Path: /admin/landing-templates
IdentifyTenant: Procesando normalmente
ValidateSubscription: Usuario no autenticado
IdentifyTenant START - Path: /admin/landing-templates
IdentifyTenant: Procesando normalmente
ValidateSubscription: Usuario no autenticado
IdentifyTenant START - Path: /admin/landing-templates/moderno/edit
IdentifyTenant: Procesando normalmente
ValidateSubscription: Usuario no autenticado
IdentifyTenant START - Path: /landing-preview/moderno
IdentifyTenant: Procesando normalmente
ValidateSubscription: Usuario no autenticado
IdentifyTenant START - Path: /admin/landing-templates
IdentifyTenant: Procesando normalmente
ValidateSubscription: Usuario no autenticado
IdentifyTenant START - Path: /logout
IdentifyTenant: Ruta exacta excluida
ValidateSubscription: Ruta excluida: logout
IdentifyTenant START - Path: /login
IdentifyTenant: Ruta exacta excluida
ValidateSubscription: Ruta excluida: login
IdentifyTenant START - Path: /logout
IdentifyTenant: Ruta exacta excluida
ValidateSubscription: Ruta excluida: logout
IdentifyTenant START - Path: /
IdentifyTenant: Procesando normalmente
ValidateSubscription: Usuario no autenticado
IdentifyTenant START - Path: /.well-known/appspecific/com.chrome.devtools.json
IdentifyTenant: Procesando normalmente
ValidateSubscription: Usuario no autenticado
IdentifyTenant START - Path: /login
IdentifyTenant: Ruta exacta excluida
ValidateSubscription: Ruta excluida: login
IdentifyTenant START - Path: /.well-known/appspecific/com.chrome.devtools.json
IdentifyTenant: Procesando normalmente
ValidateSubscription: Usuario no autenticado
IdentifyTenant START - Path: /auth/google
IdentifyTenant: Ruta exacta excluida
ValidateSubscription: Ruta excluida: auth/google
IdentifyTenant START - Path: /auth/google/callback
IdentifyTenant: Ruta exacta excluida
ValidateSubscription: Ruta excluida: auth/google/callback
IdentifyTenant START - Path: /admin/dashboard
IdentifyTenant: Procesando normalmente
ValidateSubscription: Usuario no autenticado
IdentifyTenant START - Path: /admin/landing-templates
IdentifyTenant: Procesando normalmente
ValidateSubscription: Usuario no autenticado
IdentifyTenant START - Path: /admin/landing-templates
IdentifyTenant: Procesando normalmente
ValidateSubscription: Usuario no autenticado
IdentifyTenant START - Path: /admin/landing-templates/moderno/edit
IdentifyTenant: Procesando normalmente
ValidateSubscription: Usuario no autenticado
IdentifyTenant START - Path: /landing-preview/moderno
IdentifyTenant: Procesando normalmente
ValidateSubscription: Usuario no autenticado
IdentifyTenant START - Path: /admin/landing-templates/moderno/edit
IdentifyTenant: Procesando normalmente
ValidateSubscription: Usuario no autenticado
IdentifyTenant START - Path: /landing-preview/moderno
IdentifyTenant: Procesando normalmente
ValidateSubscription: Usuario no autenticado
IdentifyTenant START - Path: /admin/landing-templates/moderno/edit
IdentifyTenant: Procesando normalmente
ValidateSubscription: Usuario no autenticado
IdentifyTenant START - Path: /landing-preview/moderno
IdentifyTenant: Procesando normalmente
ValidateSubscription: Usuario no autenticado
IdentifyTenant START - Path: /.well-known/appspecific/com.chrome.devtools.json
IdentifyTenant: Procesando normalmente
ValidateSubscription: Usuario no autenticado
IdentifyTenant START - Path: /admin/landing-templates/moderno/edit
IdentifyTenant: Procesando normalmente
ValidateSubscription: Usuario no autenticado
IdentifyTenant START - Path: /.well-known/appspecific/com.chrome.devtools.json
IdentifyTenant: Procesando normalmente
ValidateSubscription: Usuario no autenticado
IdentifyTenant START - Path: /landing-preview/moderno
IdentifyTenant: Procesando normalmente
ValidateSubscription: Usuario no autenticado
IdentifyTenant START - Path: /favicon.ico
IdentifyTenant: Procesando normalmente
ValidateSubscription: Usuario no autenticado
IdentifyTenant START - Path: /admin/landing-templates/moderno/edit
IdentifyTenant: Procesando normalmente
ValidateSubscription: Usuario no autenticado
IdentifyTenant START - Path: /landing-preview/moderno
IdentifyTenant: Procesando normalmente
ValidateSubscription: Usuario no autenticado
IdentifyTenant START - Path: /admin/landing-templates
IdentifyTenant: Procesando normalmente
ValidateSubscription: Usuario no autenticado
IdentifyTenant START - Path: /admin/dashboard
IdentifyTenant: Procesando normalmente
ValidateSubscription: Usuario no autenticado
IdentifyTenant START - Path: /admin/agencia
IdentifyTenant: Procesando normalmente
ValidateSubscription: Usuario no autenticado
IdentifyTenant START - Path: /admin/landing-templates
IdentifyTenant: Procesando normalmente
ValidateSubscription: Usuario no autenticado
IdentifyTenant START - Path: /admin/landing-templates
IdentifyTenant: Procesando normalmente
ValidateSubscription: Usuario no autenticado
IdentifyTenant START - Path: /admin/landing-templates/minimalista/edit
IdentifyTenant: Procesando normalmente
ValidateSubscription: Usuario no autenticado
IdentifyTenant START - Path: /landing-preview/minimalista
IdentifyTenant: Procesando normalmente
ValidateSubscription: Usuario no autenticado
IdentifyTenant START - Path: /admin/landing-templates
IdentifyTenant: Procesando normalmente
ValidateSubscription: Usuario no autenticado
IdentifyTenant START - Path: /admin/landing-templates/clasico/edit
IdentifyTenant: Procesando normalmente
ValidateSubscription: Usuario no autenticado
IdentifyTenant START - Path: /landing-preview/clasico
IdentifyTenant: Procesando normalmente
ValidateSubscription: Usuario no autenticado
IdentifyTenant START - Path: /admin/landing-templates
IdentifyTenant: Procesando normalmente
ValidateSubscription: Usuario no autenticado
IdentifyTenant START - Path: /admin/landing-templates/deportivo/edit
IdentifyTenant: Procesando normalmente
ValidateSubscription: Usuario no autenticado
IdentifyTenant START - Path: /landing-preview/deportivo
IdentifyTenant: Procesando normalmente
ValidateSubscription: Usuario no autenticado
IdentifyTenant START - Path: /admin/landing-templates
IdentifyTenant: Procesando normalmente
ValidateSubscription: Usuario no autenticado
IdentifyTenant START - Path: /admin/dashboard
IdentifyTenant: Procesando normalmente
ValidateSubscription: Usuario no autenticado
IdentifyTenant START - Path: /admin/dashboard
IdentifyTenant: Procesando normalmente
ValidateSubscription: Usuario no autenticado
IdentifyTenant START - Path: /admin/landing-templates
IdentifyTenant: Procesando normalmente
ValidateSubscription: Usuario no autenticado
IdentifyTenant START - Path: /admin/domains
IdentifyTenant: Procesando normalmente
ValidateSubscription: Usuario no autenticado
IdentifyTenant START - Path: /admin/landing-config
IdentifyTenant: Procesando normalmente
ValidateSubscription: Usuario no autenticado
IdentifyTenant START - Path: /admin/dashboard
IdentifyTenant: Procesando normalmente
ValidateSubscription: Usuario no autenticado
IdentifyTenant START - Path: /admin/dashboard
IdentifyTenant: Procesando normalmente
ValidateSubscription: Usuario no autenticado
IdentifyTenant START - Path: /.well-known/appspecific/com.chrome.devtools.json
IdentifyTenant: Procesando normalmente
ValidateSubscription: Usuario no autenticado
IdentifyTenant START - Path: /admin/landing-templates
IdentifyTenant: Procesando normalmente
ValidateSubscription: Usuario no autenticado
IdentifyTenant START - Path: /admin/landing-templates
IdentifyTenant: Procesando normalmente
ValidateSubscription: Usuario no autenticado
IdentifyTenant START - Path: /admin/landing-templates/moderno/edit
IdentifyTenant: Procesando normalmente
ValidateSubscription: Usuario no autenticado
IdentifyTenant START - Path: /landing-preview/moderno
IdentifyTenant: Procesando normalmente
ValidateSubscription: Usuario no autenticado
IdentifyTenant START - Path: /admin/landing-templates/moderno/edit
IdentifyTenant: Procesando normalmente
ValidateSubscription: Usuario no autenticado
IdentifyTenant START - Path: /landing-preview/moderno
IdentifyTenant: Procesando normalmente
ValidateSubscription: Usuario no autenticado
IdentifyTenant START - Path: /.well-known/appspecific/com.chrome.devtools.json
IdentifyTenant: Procesando normalmente
ValidateSubscription: Usuario no autenticado
IdentifyTenant START - Path: /login
IdentifyTenant: Ruta exacta excluida
ValidateSubscription: Ruta excluida: login
IdentifyTenant START - Path: /admin/dashboard
IdentifyTenant: Procesando normalmente
ValidateSubscription: Usuario no autenticado
IdentifyTenant START - Path: /admin/landing-templates
IdentifyTenant: Procesando normalmente
ValidateSubscription: Usuario no autenticado
IdentifyTenant START - Path: /admin/landing-templates
IdentifyTenant: Procesando normalmente
ValidateSubscription: Usuario no autenticado
IdentifyTenant START - Path: /admin/landing-templates/moderno/edit
IdentifyTenant: Procesando normalmente
ValidateSubscription: Usuario no autenticado
IdentifyTenant START - Path: /landing-preview/moderno
IdentifyTenant: Procesando normalmente
ValidateSubscription: Usuario no autenticado
IdentifyTenant START - Path: /admin/landing-templates/moderno/edit
IdentifyTenant: Procesando normalmente
ValidateSubscription: Usuario no autenticado
IdentifyTenant START - Path: /landing-preview/moderno
IdentifyTenant: Procesando normalmente
ValidateSubscription: Usuario no autenticado
IdentifyTenant START - Path: /.well-known/appspecific/com.chrome.devtools.json
IdentifyTenant: Procesando normalmente
ValidateSubscription: Usuario no autenticado
IdentifyTenant START - Path: /admin/landing-templates/moderno/edit
IdentifyTenant: Procesando normalmente
ValidateSubscription: Usuario no autenticado
IdentifyTenant START - Path: /.well-known/appspecific/com.chrome.devtools.json
IdentifyTenant: Procesando normalmente
ValidateSubscription: Usuario no autenticado
IdentifyTenant START - Path: /landing-preview/moderno
IdentifyTenant: Procesando normalmente
ValidateSubscription: Usuario no autenticado
IdentifyTenant START - Path: /admin/landing-templates/moderno/edit
IdentifyTenant: Procesando normalmente
ValidateSubscription: Usuario no autenticado
IdentifyTenant START - Path: /landing-preview/moderno
IdentifyTenant: Procesando normalmente
ValidateSubscription: Usuario no autenticado
IdentifyTenant START - Path: /admin/landing-templates
IdentifyTenant: Procesando normalmente
ValidateSubscription: Usuario no autenticado
IdentifyTenant START - Path: /admin/landing-templates
IdentifyTenant: Procesando normalmente
ValidateSubscription: Usuario no autenticado
IdentifyTenant START - Path: /admin/landing-templates
IdentifyTenant: Procesando normalmente
ValidateSubscription: Usuario no autenticado
IdentifyTenant START - Path: /admin/landing-templates
IdentifyTenant: Procesando normalmente
ValidateSubscription: Usuario no autenticado
IdentifyTenant START - Path: /admin/landing-templates
IdentifyTenant: Procesando normalmente
ValidateSubscription: Usuario no autenticado
IdentifyTenant START - Path: /admin/landing-templates
IdentifyTenant: Procesando normalmente
ValidateSubscription: Usuario no autenticado
IdentifyTenant START - Path: /admin/landing-templates
IdentifyTenant: Procesando normalmente
ValidateSubscription: Usuario no autenticado
