

   INFO  No scheduled commands are ready to run.  


   INFO  No scheduled commands are ready to run.  


   INFO  No scheduled commands are ready to run.  


   INFO  No scheduled commands are ready to run.  


  2026-03-02 16:00:01 Running ["artisan" inspire] ...................................................... 430.85ms DONE
   "C:\Users\Juan Gonzalez\Desktop\php\php.exe" "artisan" inspire > "NUL" 2>&1  
  2026-03-02 16:00:02 Running ["artisan" subscriptions:reconcile-mercadopago] ................................ 1s DONE
   "C:\Users\Juan Gonzalez\Desktop\php\php.exe" "artisan" subscriptions:reconcile-mercadopago > "NUL" 2>&1  


   INFO  No scheduled commands are ready to run.  


   INFO  No scheduled commands are ready to run.  


   INFO  No scheduled commands are ready to run.  


   INFO  No scheduled commands are ready to run.  


   INFO  No scheduled commands are ready to run.  


   INFO  No scheduled commands are ready to run.  


   INFO  No scheduled commands are ready to run.  


   INFO  No scheduled commands are ready to run.  


   INFO  No scheduled commands are ready to run.  


  2026-03-02 16:10:01 Running ["artisan" subscriptions:reconcile-mercadopago] ................................ 1s DONE
   "C:\Users\Juan Gonzalez\Desktop\php\php.exe" "artisan" subscriptions:reconcile-mercadopago > "NUL" 2>&1  


   INFO  No scheduled commands are ready to run.  


   INFO  No scheduled commands are ready to run.  


   INFO  No scheduled commands are ready to run.  


   INFO  No scheduled commands are ready to run.  


   INFO  No scheduled commands are ready to run.  


   INFO  No scheduled commands are ready to run.  


   INFO  No scheduled commands are ready to run.  


   INFO  No scheduled commands are ready to run.  


   INFO  No scheduled commands are ready to run.  


  2026-03-02 16:20:02 Running ["artisan" subscriptions:reconcile-mercadopago] ................................ 1s DONE
   "C:\Users\Juan Gonzalez\Desktop\php\php.exe" "artisan" subscriptions:reconcile-mercadopago > "NUL" 2>&1  


   INFO  No scheduled commands are ready to run.  


   INFO  No scheduled commands are ready to run.  


   INFO  No scheduled commands are ready to run.  


   INFO  No scheduled commands are ready to run.  


   INFO  No scheduled commands are ready to run.  


   INFO  No scheduled commands are ready to run.  


   INFO  No scheduled commands are ready to run.  


   INFO  No scheduled commands are ready to run.  


   INFO  No scheduled commands are ready to run.  


  2026-03-02 16:30:02 Running ["artisan" subscriptions:reconcile-mercadopago] ................................ 1s DONE
   "C:\Users\Juan Gonzalez\Desktop\php\php.exe" "artisan" subscriptions:reconcile-mercadopago > "NUL" 2>&1  


   INFO  No scheduled commands are ready to run.  


   INFO  No scheduled commands are ready to run.  


   INFO  No scheduled commands are ready to run.  


   INFO  No scheduled commands are ready to run.  


   INFO  No scheduled commands are ready to run.  


   INFO  No scheduled commands are ready to run.  


   INFO  No scheduled commands are ready to run.  


   INFO  No scheduled commands are ready to run.  


   INFO  No scheduled commands are ready to run.  


  2026-03-02 16:40:02 Running ["artisan" subscriptions:reconcile-mercadopago] ................................ 1s DONE
   "C:\Users\Juan Gonzalez\Desktop\php\php.exe" "artisan" subscriptions:reconcile-mercadopago > "NUL" 2>&1  


   INFO  No scheduled commands are ready to run.  


   INFO  No scheduled commands are ready to run.  


   INFO  No scheduled commands are ready to run.  


   INFO  No scheduled commands are ready to run.  


   INFO  No scheduled commands are ready to run.  


   INFO  No scheduled commands are ready to run.  


   INFO  No scheduled commands are ready to run.  


   INFO  No scheduled commands are ready to run.  


   INFO  No scheduled commands are ready to run.  


  2026-03-02 16:50:02 Running ["artisan" subscriptions:reconcile-mercadopago] ................................ 1s DONE
   "C:\Users\Juan Gonzalez\Desktop\php\php.exe" "artisan" subscriptions:reconcile-mercadopago > "NUL" 2>&1  


   INFO  No scheduled commands are ready to run.  


   INFO  No scheduled commands are ready to run.  


   INFO  No scheduled commands are ready to run.  


   INFO  No scheduled commands are ready to run.  


   INFO  No scheduled commands are ready to run.  


   INFO  No scheduled commands are ready to run.  


   INFO  No scheduled commands are ready to run.  


   INFO  No scheduled commands are ready to run.  


   INFO  No scheduled commands are ready to run.  


  2026-03-02 17:00:02 Running ["artisan" inspire] ...................................................... 435.66ms DONE
   "C:\Users\Juan Gonzalez\Desktop\php\php.exe" "artisan" inspire > "NUL" 2>&1  
  2026-03-02 17:00:02 Running ["artisan" subscriptions:reconcile-mercadopago] ................................ 1s DONE
   "C:\Users\Juan Gonzalez\Desktop\php\php.exe" "artisan" subscriptions:reconcile-mercadopago > "NUL" 2>&1  


   INFO  No scheduled commands are ready to run.  


   INFO  No scheduled commands are ready to run.  


   INFO  No scheduled commands are ready to run.  


   INFO  No scheduled commands are ready to run.  


   INFO  No scheduled commands are ready to run.  


   INFO  No scheduled commands are ready to run.  


   INFO  No scheduled commands are ready to run.  


   INFO  No scheduled commands are ready to run.  


   INFO  No scheduled commands are ready to run.  


  2026-03-02 17:10:02 Running ["artisan" subscriptions:reconcile-mercadopago] ................................ 1s DONE
   "C:\Users\Juan Gonzalez\Desktop\php\php.exe" "artisan" subscriptions:reconcile-mercadopago > "NUL" 2>&1  


   INFO  No scheduled commands are ready to run.  


   INFO  No scheduled commands are ready to run.  


   INFO  No scheduled commands are ready to run.  


   INFO  No scheduled commands are ready to run.  


   INFO  No scheduled commands are ready to run.  


   INFO  No scheduled commands are ready to run.  


   INFO  No scheduled commands are ready to run.  


   INFO  No scheduled commands are ready to run.  


   INFO  No scheduled commands are ready to run.  


  2026-03-02 17:20:02 Running ["artisan" subscriptions:reconcile-mercadopago] ................................ 1s DONE
   "C:\Users\Juan Gonzalez\Desktop\php\php.exe" "artisan" subscriptions:reconcile-mercadopago > "NUL" 2>&1  


   INFO  No scheduled commands are ready to run.  


   INFO  No scheduled commands are ready to run.  


   INFO  No scheduled commands are ready to run.  


   INFO  No scheduled commands are ready to run.  


   INFO  No scheduled commands are ready to run.  


   INFO  No scheduled commands are ready to run.  


   INFO  No scheduled commands are ready to run.  


   INFO  No scheduled commands are ready to run.  


   INFO  No scheduled commands are ready to run.  


  2026-03-02 17:30:02 Running ["artisan" subscriptions:reconcile-mercadopago] ................................ 1s DONE
   "C:\Users\Juan Gonzalez\Desktop\php\php.exe" "artisan" subscriptions:reconcile-mercadopago > "NUL" 2>&1  


   INFO  No scheduled commands are ready to run.  


   INFO  No scheduled commands are ready to run.  


   INFO  No scheduled commands are ready to run.  


   INFO  No scheduled commands are ready to run.  


   INFO  No scheduled commands are ready to run.  


   INFO  No scheduled commands are ready to run.  


   INFO  No scheduled commands are ready to run.  


   INFO  No scheduled commands are ready to run.  


   INFO  No scheduled commands are ready to run.  


  2026-03-02 17:40:02 Running ["artisan" subscriptions:reconcile-mercadopago] ................................ 1s DONE
   "C:\Users\Juan Gonzalez\Desktop\php\php.exe" "artisan" subscriptions:reconcile-mercadopago > "NUL" 2>&1  


   INFO  No scheduled commands are ready to run.  


   INFO  No scheduled commands are ready to run.  


   INFO  No scheduled commands are ready to run.  


   INFO  No scheduled commands are ready to run.  


   INFO  No scheduled commands are ready to run.  

